835146:C 27 Feb 2026 00:45:47.913 # oO0OoO0OoO0Oo Redis is starting oO0OoO0OoO0Oo
835146:C 27 Feb 2026 00:45:47.913 # Redis version=7.0.15, bits=64, commit=00000000, modified=0, pid=835146, just started
835146:C 27 Feb 2026 00:45:47.913 # Configuration loaded
835146:M 27 Feb 2026 00:45:47.914 * monotonic clock: POSIX clock_gettime
835146:M 27 Feb 2026 00:45:47.915 # Warning: Could not create server TCP listening socket *:6379: bind: Address already in use
835146:M 27 Feb 2026 00:45:47.915 # Failed listening on port 6379 (TCP), aborting.
843895:C 27 Feb 2026 01:36:28.011 # oO0OoO0OoO0Oo Redis is starting oO0OoO0OoO0Oo
843895:C 27 Feb 2026 01:36:28.011 # Redis version=7.0.15, bits=64, commit=00000000, modified=0, pid=843895, just started
843895:C 27 Feb 2026 01:36:28.011 # Configuration loaded
843895:M 27 Feb 2026 01:36:28.012 * monotonic clock: POSIX clock_gettime
843895:M 27 Feb 2026 01:36:28.012 # Warning: Could not create server TCP listening socket *:6379: bind: Address already in use
843895:M 27 Feb 2026 01:36:28.012 # Failed listening on port 6379 (TCP), aborting.
844079:C 27 Feb 2026 01:36:54.083 # oO0OoO0OoO0Oo Redis is starting oO0OoO0OoO0Oo
844079:C 27 Feb 2026 01:36:54.083 # Redis version=7.0.15, bits=64, commit=00000000, modified=0, pid=844079, just started
844079:C 27 Feb 2026 01:36:54.083 # Configuration loaded
844079:M 27 Feb 2026 01:36:54.084 * monotonic clock: POSIX clock_gettime
844079:M 27 Feb 2026 01:36:54.088 # Warning: Could not create server TCP listening socket *:6379: bind: Address already in use
844079:M 27 Feb 2026 01:36:54.088 # Failed listening on port 6379 (TCP), aborting.
844327:C 27 Feb 2026 01:37:27.750 # oO0OoO0OoO0Oo Redis is starting oO0OoO0OoO0Oo
844327:C 27 Feb 2026 01:37:27.750 # Redis version=7.0.15, bits=64, commit=00000000, modified=0, pid=844327, just started
844327:C 27 Feb 2026 01:37:27.750 # Configuration loaded
844327:M 27 Feb 2026 01:37:27.751 * monotonic clock: POSIX clock_gettime
844327:M 27 Feb 2026 01:37:27.751 # Warning: Could not create server TCP listening socket *:6379: bind: Address already in use
844327:M 27 Feb 2026 01:37:27.751 # Failed listening on port 6379 (TCP), aborting.
